<?xml version="1.0" encoding="UTF-8"?>
<persistence xmlns="http://java.sun.com/xml/ns/persistence"
             xmlns:xsi="http://www.w3.org/2001/XMLSchema-instance"
             xsi:schemaLocation="http://java.sun.com/xml/ns/persistence http://java.sun.com/xml/ns/persistence/persistence_2_0.xsd"
             version="2.0">
    <persistence-unit name="persistDB" transaction-type="JTA">
        <provider>org.hibernate.ejb.HibernatePersistence</provider>
        <jta-data-source>jdbc/sleepingkit</jta-data-source>

        <class>com.codexplo.sleepingkit.domain.Users</class>
        <properties>
            <property name="hibernate.dialect" value="org.hibernate.dialect.MySQLDialect"/>
            <property name="hibernate.hbm2ddl.auto" value="create"/>
            <property name="hibernate.show_sql" value="true" />
            <property name="hibernate.format_sql" value="true" />
        </properties>

        <!--<properties>-->
        <!--<property name="hibernate.show_sql" value="false"/>-->
        <!--<property name="format_sql" value="true"/>-->
        <!--<property name="ejb.naming_strategy" value="org.hibernate.cfg.ImprovedNamingStrategy"/>-->
        <!--<property name="hibernate.connection.charSet" value="UTF-8"/>-->
        <!--<property name="hibernate.hbm2ddl.auto" value="create-drop"/>-->
        <!--<property name="default_entity_mode" value="dynamic-map"/>-->
        <!--<property name="hibernate.connection.driver_class" value="com.mysql.jdbc.Driver"/>-->
        <!--<property name="hibernate.connection.url" value="jdbc:mysql://localhost:3306/sleep"/>-->
        <!--<property name="hibernate.dialect" value="org.hibernate.dialect.MySQLDialect"/>-->
        <!--<property name="hibernate.connection.username" value="root"/>-->
        <!--<property name="hibernate.connection.password" value="root"/>-->
        <!--<property name="show_sql" value="true"/>-->
        <!--</properties>-->
        <!--<properties>-->
        <!--<property name="eclipselink.ddl-generation" value="drop-and-create-tables"/>-->
        <!--<property name="eclipselink.logging.level.sql" value="FINE"/>-->
        <!--<property name="eclipselink.logging.parameters" value="true"/>-->
        <!--</properties>-->

    </persistence-unit>
</persistence>